<?xml version="1.0" encoding="UTF-8"?>
<!-- Generated by org.testng.reporters.JUnitReportReporter -->
<testsuite hostname="DheerajShet" failures="0" tests="4" name="api.TestCases.dataProvider_UserTest" time="9.621" errors="0" timestamp="2024-09-14T21:59:41 IST" skipped="0">
  <testcase classname="api.TestCases.dataProvider_UserTest" name="CreateUser" time="1.513"/>
  <testcase classname="api.TestCases.dataProvider_UserTest" name="CreateUser" time="4.800"/>
  <testcase classname="api.TestCases.dataProvider_UserTest" name="CreateUser" time="1.626"/>
  <testcase classname="api.TestCases.dataProvider_UserTest" name="CreateUser" time="1.682"/>
</testsuite> <!-- api.TestCases.dataProvider_UserTest -->
