<?xml version="1.0" encoding="UTF-8"?>
<!-- Generated by org.testng.reporters.JUnitReportReporter -->
<testsuite hostname="DheerajShet" failures="0" tests="3" name="api.TestCases.UserTest2" time="8.533" errors="0" timestamp="2024-09-15T18:51:54 IST" skipped="0">
  <testcase classname="api.TestCases.UserTest2" name="CreateUser_validation" time="3.993"/>
  <testcase classname="api.TestCases.UserTest2" name="getCreatedUser_validation" time="1.993"/>
  <testcase classname="api.TestCases.UserTest2" name="LoginCreatedUser_validation" time="2.547"/>
</testsuite> <!-- api.TestCases.UserTest2 -->
