<?xml version="1.0" encoding="UTF-8"?>
<!-- Generated by org.testng.reporters.JUnitReportReporter -->
<testsuite hostname="DheerajShet" failures="0" tests="1" name="api.TestCases.NewTest2" time="0.009" errors="0" timestamp="2024-09-15T01:30:07 IST" skipped="0">
  <testcase classname="api.TestCases.NewTest2" name="f22" time="0.009"/>
</testsuite> <!-- api.TestCases.NewTest2 -->
