<?xml version="1.0" encoding="UTF-8"?>
<!-- Generated by org.testng.reporters.JUnitReportReporter -->
<testsuite hostname="DheerajShet" failures="0" tests="3" name="api.TestCases.NewTest1" time="0.004" errors="0" timestamp="2024-09-15T01:30:07 IST" skipped="0">
  <testcase classname="api.TestCases.NewTest1" name="f3" time="0.001"/>
  <testcase classname="api.TestCases.NewTest1" name="f2" time="0.001"/>
  <testcase classname="api.TestCases.NewTest1" name="f1" time="0.002"/>
</testsuite> <!-- api.TestCases.NewTest1 -->
