<?xml version="1.0" encoding="UTF-8"?>
<!-- Generated by org.testng.reporters.JUnitReportReporter -->
<testsuite hostname="DheerajShet" failures="0" tests="1" name="api.Utilities.dataProvider" time="0.981" errors="0" timestamp="2024-09-14T21:30:48 IST" skipped="0">
  <testcase classname="api.Utilities.dataProvider" name="CreatedUserName" time="0.981"/>
</testsuite> <!-- api.Utilities.dataProvider -->
