<?xml version="1.0" encoding="UTF-8"?>
<!-- Generated by org.testng.reporters.JUnitReportReporter -->
<testsuite hostname="DheerajShet" failures="0" tests="4" name="api.TestCases.UserTest" time="8.732" errors="0" timestamp="2024-09-16T20:44:36 IST" skipped="0">
  <testcase classname="api.TestCases.UserTest" name="CreateUser_validation" time="3.328"/>
  <testcase classname="api.TestCases.UserTest" name="getCreatedUser_validation" time="1.942"/>
  <testcase classname="api.TestCases.UserTest" name="LoginCreatedUser_validation" time="1.565"/>
  <testcase classname="api.TestCases.UserTest" name="DeleteCreatedUser_validation" time="1.897"/>
</testsuite> <!-- api.TestCases.UserTest -->
